Diffing data/failure5-expected.json data/failure5-actual.json by assign.*brk_lb_assign_broker_breakdown_total
2c2
< {"dimensions":[{"broker":"localhost", "metric":"assign", "result":"Skip"}], "metrics":[{"brk_lb_assign_broker_breakdown_total":3}]},
---
> {"dimensions":[{"broker":"localhost", "metric":"assign", "result":"Skip"}], "metrics":[{"brk_lb_assign_broker_breakdown_total":4}]},
Diffing data/failure5-expected.json data/failure5-actual.json by bundlesSplit.*brk_lb_bundles_split_breakdown_total
5c5
< {"dimensions":[{"broker":"localhost", "metric":"bundlesSplit", "reason":"Topics", "result":"Success"}], "metrics":[{"brk_lb_bundles_split_breakdown_total":1}]},
---
> {"dimensions":[{"broker":"localhost", "metric":"bundlesSplit", "reason":"Topics", "result":"Success"}], "metrics":[{"brk_lb_bundles_split_breakdown_total":1}]}
Diffing data/failure5-expected.json data/failure5-actual.json by bundlesSplit.*brk_lb_bundles_split_total
Diffing data/failure5-expected.json data/failure5-actual.json by bundleUnloading.*brk_lb_resource_usage_stats
Diffing data/failure5-expected.json data/failure5-actual.json by bundleUnloading.*brk_lb_unload_broker_breakdown_total
Diffing data/failure5-expected.json data/failure5-actual.json by bundleUnloading.*brk_lb_unload_broker_total
Diffing data/failure5-expected.json data/failure5-actual.json by loadBalancing.*brk_lb_bandwidth_in_usage
Diffing data/failure5-expected.json data/failure5-actual.json by loadBalancing.*brk_lb_resource_usage
Diffing data/failure5-expected.json data/failure5-actual.json by sunitStateChn.*brk_sunit_state_chn_cleanup_ops_total
Diffing data/failure5-expected.json data/failure5-actual.json by sunitStateChn.*brk_sunit_state_chn_event_publish_ops_total
4c4
< {"dimensions":[{"broker":"localhost", "event":"Override", "metric":"sunitStateChn", "result":"Total"}], "metrics":[{"brk_sunit_state_chn_event_publish_ops_total":7}]}
---
> {"dimensions":[{"broker":"localhost", "event":"Override", "metric":"sunitStateChn", "result":"Total"}], "metrics":[{"brk_sunit_state_chn_event_publish_ops_total":7}]},
Diffing data/failure5-expected.json data/failure5-actual.json by sunitStateChn.*brk_sunit_state_chn_inactive_broker_cleanup_ops_total
Diffing data/failure5-expected.json data/failure5-actual.json by sunitStateChn.*brk_sunit_state_chn_orphan_su_cleanup_ops_total
Diffing data/failure5-expected.json data/failure5-actual.json by sunitStateChn.*brk_sunit_state_chn_owner_lookup_total
Diffing data/failure5-expected.json data/failure5-actual.json by sunitStateChn.*brk_sunit_state_chn_subscribe_ops_total
